Using pre-set license
Built from '2021.1/staging' branch; Version is '2021.1.7f1 (d91830b65d9b) revision 14227504'; Using compiler version '192528614'; Build Type 'Release'
OS: 'Windows 10 Pro; OS build 19043.1237; Version 2009; 64bit' Language: 'ru' Physical Memory: 16332 MB
BatchMode: 1, IsHumanControllingUs: 0, StartBugReporterOnCrash: 0, Is64bit: 1, IsPro: 0

 COMMAND LINE ARGUMENTS:
G:\1\2021.1.7f1\Editor\Unity.exe
-adb2
-batchMode
-noUpm
-name
AssetImportWorker0
-projectPath
G:/GameBuild/Sam wants to survive/Sam Wants To Survive
-logFile
Logs/AssetImportWorker0.log
-srvPort
60989
Successfully changed project path to: G:/GameBuild/Sam wants to survive/Sam Wants To Survive
G:/GameBuild/Sam wants to survive/Sam Wants To Survive
Using Asset Import Pipeline V2.
Refreshing native plugins compatible for Editor in 77.66 ms, found 1 plugins.
Preloading 0 native plugins for Editor in 0.00 ms.
Initialize engine version: 2021.1.7f1 (d91830b65d9b)
[Subsystems] Discovering subsystems at path G:/1/2021.1.7f1/Editor/Data/Resources/UnitySubsystems
[Subsystems] Discovering subsystems at path G:/GameBuild/Sam wants to survive/Sam Wants To Survive/Assets
GfxDevice: creating device client; threaded=0; jobified=0
Direct3D:
    Version:  Direct3D 11.0 [level 11.1]
    Renderer: Radeon RX 570 Series (ID=0x67df)
    Vendor:   ATI
    VRAM:     8171 MB
    Driver:   27.20.12029.1000
Initialize mono
Mono path[0] = 'G:/1/2021.1.7f1/Editor/Data/Managed'
Mono path[1] = 'G:/1/2021.1.7f1/Editor/Data/MonoBleedingEdge/lib/mono/unityjit'
Mono config path = 'G:/1/2021.1.7f1/Editor/Data/MonoBleedingEdge/etc'
Using monoOptions --debugger-agent=transport=dt_socket,embedding=1,server=y,suspend=n,address=127.0.0.1:56832
Begin MonoManager ReloadAssembly
Registering precompiled unity dll's ...
Register platform support module: G:/1/2021.1.7f1/Editor/Data/PlaybackEngines/WindowsStandaloneSupport/UnityEditor.WindowsStandalone.Extensions.dll
Registered in 0.002956 seconds.
Native extension for WindowsStandalone target not found
Refreshing native plugins compatible for Editor in 71.24 ms, found 1 plugins.
Preloading 0 native plugins for Editor in 0.00 ms.
Mono: successfully reloaded assembly
- Completed reload, in  1.877 seconds
Platform modules already initialized, skipping
Registering precompiled user dll's ...
Registered in 0.001179 seconds.
Begin MonoManager ReloadAssembly
Native extension for WindowsStandalone target not found
Refreshing native plugins compatible for Editor in 62.98 ms, found 1 plugins.
Preloading 0 native plugins for Editor in 0.00 ms.
Mono: successfully reloaded assembly
- Completed reload, in  1.159 seconds
Platform modules already initialized, skipping
========================================================================
Worker process is ready to serve import requests
Launched and connected shader compiler UnityShaderCompiler.exe after 0.04 seconds
Refreshing native plugins compatible for Editor in 0.66 ms, found 1 plugins.
Preloading 0 native plugins for Editor in 0.00 ms.
Unloading 2096 Unused Serialized files (Serialized files now loaded: 0)
System memory in use before: 94.7 MB.
System memory in use after: 94.8 MB.

Unloading 55 unused Assets to reduce memory usage. Loaded Objects now: 2529.
Total: 2.259400 ms (FindLiveObjects: 0.173900 ms CreateObjectMapping: 0.051600 ms MarkObjects: 1.967100 ms  DeleteObjects: 0.065900 ms)

========================================================================
Received Import Request.
  path: Assets/Prefab/SamPlayer.prefab
  artifactKey: Guid(cd9114ee5ebd2014a8a64b2578d205e5) Importer(815301076,1909f56bfc062723c751e8b465ee728b)
Start importing Assets/Prefab/SamPlayer.prefab using Guid(cd9114ee5ebd2014a8a64b2578d205e5) Importer(815301076,1909f56bfc062723c751e8b465ee728b)  -> (artifact id: '61e35aa25936a5fe1721382fb3286030') in 0.266734 seconds 
========================================================================
Received Import Request.
  Time since last request: 0.000235 seconds.
  path: Assets/Prefab/PointScore.prefab
  artifactKey: Guid(b8a6d9bd141ee924d8f935220d5b36be) Importer(815301076,1909f56bfc062723c751e8b465ee728b)
Start importing Assets/Prefab/PointScore.prefab using Guid(b8a6d9bd141ee924d8f935220d5b36be) Importer(815301076,1909f56bfc062723c751e8b465ee728b)  -> (artifact id: '2cd2d6f82cf31e83d5b1aa21e698677c') in 0.023495 seconds 
========================================================================
Received Import Request.
  Time since last request: 0.000199 seconds.
  path: Assets/Prefab/Sam_Idle_000.prefab
  artifactKey: Guid(927f816e373a2e74c85888c1c9864814) Importer(815301076,1909f56bfc062723c751e8b465ee728b)
Start importing Assets/Prefab/Sam_Idle_000.prefab using Guid(927f816e373a2e74c85888c1c9864814) Importer(815301076,1909f56bfc062723c751e8b465ee728b)  -> (artifact id: 'dbd0ab3c09fb555e3d6ed4980210eec8') in 0.035679 seconds 
========================================================================
Received Prepare
Registering precompiled user dll's ...
Registered in 0.001855 seconds.
Begin MonoManager ReloadAssembly
Native extension for WindowsStandalone target not found
Refreshing native plugins compatible for Editor in 0.70 ms, found 1 plugins.
Preloading 0 native plugins for Editor in 0.00 ms.
Mono: successfully reloaded assembly
- Completed reload, in  1.039 seconds
Platform modules already initialized, skipping
Switching build target platform(19) subTarget(0) extendedPlatform(0) -> platform(13) subTarget(537460736) extendedPlatform(0)
Refreshing native plugins compatible for Editor in 0.70 ms, found 1 plugins.
Preloading 0 native plugins for Editor in 0.00 ms.
Unloading 2090 Unused Serialized files (Serialized files now loaded: 0)
System memory in use before: 97.9 MB.
System memory in use after: 98.0 MB.

Unloading 44 unused Assets to reduce memory usage. Loaded Objects now: 2539.
Total: 2.228900 ms (FindLiveObjects: 0.169500 ms CreateObjectMapping: 0.051300 ms MarkObjects: 1.988000 ms  DeleteObjects: 0.018800 ms)

AssetImportParameters requested are different than current active one (requested -> active):
  custom:graphics/normal-map-encoding: 01000000000000000000000000000000 -> 02000000000000000000000000000000
========================================================================
Received Prepare
Registering precompiled user dll's ...
Registered in 0.001939 seconds.
Begin MonoManager ReloadAssembly
Native extension for WindowsStandalone target not found
Refreshing native plugins compatible for Editor in 0.91 ms, found 1 plugins.
Preloading 0 native plugins for Editor in 0.00 ms.
Mono: successfully reloaded assembly
- Completed reload, in  1.058 seconds
Platform modules already initialized, skipping
Switching build target platform(19) subTarget(0) extendedPlatform(0) -> platform(13) subTarget(537460736) extendedPlatform(0)
Refreshing native plugins compatible for Editor in 0.91 ms, found 1 plugins.
Preloading 0 native plugins for Editor in 0.00 ms.
Unloading 2090 Unused Serialized files (Serialized files now loaded: 0)
System memory in use before: 97.9 MB.
System memory in use after: 98.0 MB.

Unloading 44 unused Assets to reduce memory usage. Loaded Objects now: 2542.
Total: 2.627800 ms (FindLiveObjects: 0.192800 ms CreateObjectMapping: 0.050600 ms MarkObjects: 2.358100 ms  DeleteObjects: 0.024900 ms)

AssetImportParameters requested are different than current active one (requested -> active):
  custom:graphics/normal-map-encoding: 01000000000000000000000000000000 -> 02000000000000000000000000000000
========================================================================
Received Prepare
Registering precompiled user dll's ...
Registered in 0.001666 seconds.
Begin MonoManager ReloadAssembly
Native extension for WindowsStandalone target not found
Refreshing native plugins compatible for Editor in 0.71 ms, found 1 plugins.
Preloading 0 native plugins for Editor in 0.00 ms.
Mono: successfully reloaded assembly
- Completed reload, in  1.103 seconds
Platform modules already initialized, skipping
Switching build target platform(19) subTarget(0) extendedPlatform(0) -> platform(13) subTarget(537460736) extendedPlatform(0)
Refreshing native plugins compatible for Editor in 0.73 ms, found 1 plugins.
Preloading 0 native plugins for Editor in 0.00 ms.
Unloading 2090 Unused Serialized files (Serialized files now loaded: 0)
System memory in use before: 97.9 MB.
System memory in use after: 98.1 MB.

Unloading 44 unused Assets to reduce memory usage. Loaded Objects now: 2545.
Total: 2.922300 ms (FindLiveObjects: 0.261800 ms CreateObjectMapping: 0.063500 ms MarkObjects: 2.568400 ms  DeleteObjects: 0.027300 ms)

AssetImportParameters requested are different than current active one (requested -> active):
  custom:graphics/normal-map-encoding: 01000000000000000000000000000000 -> 02000000000000000000000000000000
========================================================================
Received Import Request.
  Time since last request: 761.211387 seconds.
  path: Assets/Prefab/PointScore.prefab
  artifactKey: Guid(b8a6d9bd141ee924d8f935220d5b36be) Importer(815301076,1909f56bfc062723c751e8b465ee728b)
Start importing Assets/Prefab/PointScore.prefab using Guid(b8a6d9bd141ee924d8f935220d5b36be) Importer(815301076,1909f56bfc062723c751e8b465ee728b)  -> (artifact id: '40151ae00a2c47d280a538324a8ef014') in 0.063072 seconds 
========================================================================
Received Import Request.
  Time since last request: 12.180548 seconds.
  path: Assets/Prefab/PointScore.prefab
  artifactKey: Guid(b8a6d9bd141ee924d8f935220d5b36be) Importer(815301076,1909f56bfc062723c751e8b465ee728b)
Start importing Assets/Prefab/PointScore.prefab using Guid(b8a6d9bd141ee924d8f935220d5b36be) Importer(815301076,1909f56bfc062723c751e8b465ee728b)  -> (artifact id: '154463aa4b352ba9b032da0214a07deb') in 0.010792 seconds 
========================================================================
Received Prepare
Registering precompiled user dll's ...
Registered in 0.001199 seconds.
Begin MonoManager ReloadAssembly
Native extension for WindowsStandalone target not found
Refreshing native plugins compatible for Editor in 0.75 ms, found 1 plugins.
Preloading 0 native plugins for Editor in 0.00 ms.
Mono: successfully reloaded assembly
- Completed reload, in  1.091 seconds
Platform modules already initialized, skipping
Switching build target platform(19) subTarget(0) extendedPlatform(0) -> platform(13) subTarget(537460736) extendedPlatform(0)
Refreshing native plugins compatible for Editor in 0.87 ms, found 1 plugins.
Preloading 0 native plugins for Editor in 0.00 ms.
Unloading 2090 Unused Serialized files (Serialized files now loaded: 0)
System memory in use before: 98.0 MB.
System memory in use after: 98.1 MB.

Unloading 44 unused Assets to reduce memory usage. Loaded Objects now: 2549.
Total: 2.241900 ms (FindLiveObjects: 0.171600 ms CreateObjectMapping: 0.050800 ms MarkObjects: 2.000100 ms  DeleteObjects: 0.018500 ms)

AssetImportParameters requested are different than current active one (requested -> active):
  custom:graphics/normal-map-encoding: 01000000000000000000000000000000 -> 02000000000000000000000000000000
========================================================================
Received Import Request.
  Time since last request: 881.022036 seconds.
  path: Assets/Prefab/PointScore.prefab
  artifactKey: Guid(b8a6d9bd141ee924d8f935220d5b36be) Importer(815301076,1909f56bfc062723c751e8b465ee728b)
Start importing Assets/Prefab/PointScore.prefab using Guid(b8a6d9bd141ee924d8f935220d5b36be) Importer(815301076,1909f56bfc062723c751e8b465ee728b)  -> (artifact id: '2ae270adb8afa114cad7a23d9f2fb19b') in 0.062383 seconds 
========================================================================
Received Prepare
Registering precompiled user dll's ...
Registered in 0.001468 seconds.
Begin MonoManager ReloadAssembly
Native extension for WindowsStandalone target not found
Refreshing native plugins compatible for Editor in 0.88 ms, found 1 plugins.
Preloading 0 native plugins for Editor in 0.00 ms.
Mono: successfully reloaded assembly
- Completed reload, in  1.111 seconds
Platform modules already initialized, skipping
Switching build target platform(19) subTarget(0) extendedPlatform(0) -> platform(13) subTarget(537460736) extendedPlatform(0)
Refreshing native plugins compatible for Editor in 0.72 ms, found 1 plugins.
Preloading 0 native plugins for Editor in 0.00 ms.
Unloading 2090 Unused Serialized files (Serialized files now loaded: 0)
System memory in use before: 98.0 MB.
System memory in use after: 98.1 MB.

Unloading 44 unused Assets to reduce memory usage. Loaded Objects now: 2553.
Total: 2.236500 ms (FindLiveObjects: 0.177300 ms CreateObjectMapping: 0.049300 ms MarkObjects: 1.987100 ms  DeleteObjects: 0.021800 ms)

AssetImportParameters requested are different than current active one (requested -> active):
  custom:graphics/normal-map-encoding: 01000000000000000000000000000000 -> 02000000000000000000000000000000
========================================================================
Received Import Request.
  Time since last request: 1059.656999 seconds.
  path: Assets/Prefab/PointScore.prefab
  artifactKey: Guid(b8a6d9bd141ee924d8f935220d5b36be) Importer(815301076,1909f56bfc062723c751e8b465ee728b)
Start importing Assets/Prefab/PointScore.prefab using Guid(b8a6d9bd141ee924d8f935220d5b36be) Importer(815301076,1909f56bfc062723c751e8b465ee728b)  -> (artifact id: 'ce506e2169804a933350be5931c592f3') in 0.062132 seconds 
========================================================================
Received Prepare
Registering precompiled user dll's ...
Registered in 0.001530 seconds.
Begin MonoManager ReloadAssembly
Native extension for WindowsStandalone target not found
Refreshing native plugins compatible for Editor in 0.72 ms, found 1 plugins.
Preloading 0 native plugins for Editor in 0.00 ms.
Mono: successfully reloaded assembly
- Completed reload, in  1.175 seconds
Platform modules already initialized, skipping
Switching build target platform(19) subTarget(0) extendedPlatform(0) -> platform(13) subTarget(537460736) extendedPlatform(0)
Refreshing native plugins compatible for Editor in 0.72 ms, found 1 plugins.
Preloading 0 native plugins for Editor in 0.00 ms.
Unloading 2090 Unused Serialized files (Serialized files now loaded: 0)
System memory in use before: 98.0 MB.
System memory in use after: 98.1 MB.

Unloading 44 unused Assets to reduce memory usage. Loaded Objects now: 2557.
Total: 2.506400 ms (FindLiveObjects: 0.175700 ms CreateObjectMapping: 0.050700 ms MarkObjects: 2.257600 ms  DeleteObjects: 0.021300 ms)

AssetImportParameters requested are different than current active one (requested -> active):
  custom:graphics/normal-map-encoding: 01000000000000000000000000000000 -> 02000000000000000000000000000000
========================================================================
Received Import Request.
  Time since last request: 1612.604838 seconds.
  path: Assets/Prefab/BonusSpeed.prefab
  artifactKey: Guid(ab190fc5eee482c46a1cb3d708fa9cb6) Importer(815301076,1909f56bfc062723c751e8b465ee728b)
Start importing Assets/Prefab/BonusSpeed.prefab using Guid(ab190fc5eee482c46a1cb3d708fa9cb6) Importer(815301076,1909f56bfc062723c751e8b465ee728b)  -> (artifact id: '28c59b436f45c67537328aaac366a337') in 0.075459 seconds 
========================================================================
Received Prepare
Registering precompiled user dll's ...
Registered in 0.001302 seconds.
Begin MonoManager ReloadAssembly
Native extension for WindowsStandalone target not found
Refreshing native plugins compatible for Editor in 0.72 ms, found 1 plugins.
Preloading 0 native plugins for Editor in 0.00 ms.
Mono: successfully reloaded assembly
- Completed reload, in  1.104 seconds
Platform modules already initialized, skipping
Switching build target platform(19) subTarget(0) extendedPlatform(0) -> platform(13) subTarget(537460736) extendedPlatform(0)
Refreshing native plugins compatible for Editor in 0.73 ms, found 1 plugins.
Preloading 0 native plugins for Editor in 0.00 ms.
Unloading 2090 Unused Serialized files (Serialized files now loaded: 0)
System memory in use before: 98.0 MB.
System memory in use after: 98.1 MB.

Unloading 44 unused Assets to reduce memory usage. Loaded Objects now: 2561.
Total: 2.261500 ms (FindLiveObjects: 0.211600 ms CreateObjectMapping: 0.050800 ms MarkObjects: 1.973800 ms  DeleteObjects: 0.024200 ms)

AssetImportParameters requested are different than current active one (requested -> active):
  custom:graphics/normal-map-encoding: 01000000000000000000000000000000 -> 02000000000000000000000000000000
========================================================================
Received Import Request.
  Time since last request: 100.144334 seconds.
  path: Assets/Scripts/Player/Bonus.cs
  artifactKey: Guid(f9a12795f61f70f4d9a308276e58ffda) Importer(815301076,1909f56bfc062723c751e8b465ee728b)
Start importing Assets/Scripts/Player/Bonus.cs using Guid(f9a12795f61f70f4d9a308276e58ffda) Importer(815301076,1909f56bfc062723c751e8b465ee728b)  -> (artifact id: 'a9a157031628eade0cb75fd6c509df5d') in 0.008949 seconds 
========================================================================
Received Import Request.
  Time since last request: 21.465571 seconds.
  path: Assets/Prefab/BonusSpeed.prefab
  artifactKey: Guid(ab190fc5eee482c46a1cb3d708fa9cb6) Importer(815301076,1909f56bfc062723c751e8b465ee728b)
Start importing Assets/Prefab/BonusSpeed.prefab using Guid(ab190fc5eee482c46a1cb3d708fa9cb6) Importer(815301076,1909f56bfc062723c751e8b465ee728b)  -> (artifact id: '3dd218a0e58afeb9a3ba38792aa929d0') in 0.065253 seconds 
========================================================================
Received Import Request.
  Time since last request: 14.651063 seconds.
  path: Assets/Prefab/BonusAntiCollision.prefab
  artifactKey: Guid(14b1effb368cb3b41b628677cfe875f5) Importer(815301076,1909f56bfc062723c751e8b465ee728b)
Start importing Assets/Prefab/BonusAntiCollision.prefab using Guid(14b1effb368cb3b41b628677cfe875f5) Importer(815301076,1909f56bfc062723c751e8b465ee728b)  -> (artifact id: 'f481c31a73d2f17b7d429f41e3c10ac9') in 0.017699 seconds 
========================================================================
Received Prepare
Registering precompiled user dll's ...
Registered in 0.001293 seconds.
Begin MonoManager ReloadAssembly
Native extension for WindowsStandalone target not found
Refreshing native plugins compatible for Editor in 0.70 ms, found 1 plugins.
Preloading 0 native plugins for Editor in 0.00 ms.
Mono: successfully reloaded assembly
- Completed reload, in  1.121 seconds
Platform modules already initialized, skipping
Switching build target platform(19) subTarget(0) extendedPlatform(0) -> platform(13) subTarget(537460736) extendedPlatform(0)
Refreshing native plugins compatible for Editor in 0.75 ms, found 1 plugins.
Preloading 0 native plugins for Editor in 0.00 ms.
Unloading 2090 Unused Serialized files (Serialized files now loaded: 0)
System memory in use before: 98.0 MB.
System memory in use after: 98.2 MB.

Unloading 44 unused Assets to reduce memory usage. Loaded Objects now: 2565.
Total: 2.360900 ms (FindLiveObjects: 0.201600 ms CreateObjectMapping: 0.052800 ms MarkObjects: 2.084400 ms  DeleteObjects: 0.020900 ms)

AssetImportParameters requested are different than current active one (requested -> active):
  custom:graphics/normal-map-encoding: 01000000000000000000000000000000 -> 02000000000000000000000000000000
========================================================================
Received Import Request.
  Time since last request: 328.461081 seconds.
  path: Assets/Prefab/BonusAntiCollision.prefab
  artifactKey: Guid(14b1effb368cb3b41b628677cfe875f5) Importer(815301076,1909f56bfc062723c751e8b465ee728b)
Start importing Assets/Prefab/BonusAntiCollision.prefab using Guid(14b1effb368cb3b41b628677cfe875f5) Importer(815301076,1909f56bfc062723c751e8b465ee728b)  -> (artifact id: 'fb9cf1b82aa09cb58b0facd231d15cdd') in 0.066797 seconds 
========================================================================
Received Import Request.
  Time since last request: 10.916808 seconds.
  path: Assets/Prefab/BonusSpeed.prefab
  artifactKey: Guid(ab190fc5eee482c46a1cb3d708fa9cb6) Importer(815301076,1909f56bfc062723c751e8b465ee728b)
Start importing Assets/Prefab/BonusSpeed.prefab using Guid(ab190fc5eee482c46a1cb3d708fa9cb6) Importer(815301076,1909f56bfc062723c751e8b465ee728b)  -> (artifact id: '2c45d371d7c78069a3d16e6be76e5082') in 0.014715 seconds 
========================================================================
Received Prepare
Registering precompiled user dll's ...
Registered in 0.001203 seconds.
Begin MonoManager ReloadAssembly
Native extension for WindowsStandalone target not found
Refreshing native plugins compatible for Editor in 1.13 ms, found 1 plugins.
Preloading 0 native plugins for Editor in 0.00 ms.
Mono: successfully reloaded assembly
- Completed reload, in  1.180 seconds
Platform modules already initialized, skipping
Switching build target platform(19) subTarget(0) extendedPlatform(0) -> platform(13) subTarget(537460736) extendedPlatform(0)
Refreshing native plugins compatible for Editor in 0.75 ms, found 1 plugins.
Preloading 0 native plugins for Editor in 0.00 ms.
Unloading 2090 Unused Serialized files (Serialized files now loaded: 0)
System memory in use before: 98.1 MB.
System memory in use after: 98.2 MB.

Unloading 44 unused Assets to reduce memory usage. Loaded Objects now: 2569.
Total: 2.402500 ms (FindLiveObjects: 0.199900 ms CreateObjectMapping: 0.049800 ms MarkObjects: 2.129300 ms  DeleteObjects: 0.022300 ms)

AssetImportParameters requested are different than current active one (requested -> active):
  custom:graphics/normal-map-encoding: 01000000000000000000000000000000 -> 02000000000000000000000000000000
========================================================================
Received Prepare
Registering precompiled user dll's ...
Registered in 0.001336 seconds.
Begin MonoManager ReloadAssembly
Native extension for WindowsStandalone target not found
Refreshing native plugins compatible for Editor in 0.71 ms, found 1 plugins.
Preloading 0 native plugins for Editor in 0.00 ms.
Mono: successfully reloaded assembly
- Completed reload, in  1.167 seconds
Platform modules already initialized, skipping
Switching build target platform(19) subTarget(0) extendedPlatform(0) -> platform(13) subTarget(537460736) extendedPlatform(0)
Refreshing native plugins compatible for Editor in 0.70 ms, found 1 plugins.
Preloading 0 native plugins for Editor in 0.00 ms.
Unloading 2090 Unused Serialized files (Serialized files now loaded: 0)
System memory in use before: 98.1 MB.
System memory in use after: 98.2 MB.

Unloading 44 unused Assets to reduce memory usage. Loaded Objects now: 2572.
Total: 2.248000 ms (FindLiveObjects: 0.176400 ms CreateObjectMapping: 0.050700 ms MarkObjects: 2.000200 ms  DeleteObjects: 0.019600 ms)

AssetImportParameters requested are different than current active one (requested -> active):
  custom:graphics/normal-map-encoding: 01000000000000000000000000000000 -> 02000000000000000000000000000000
========================================================================
Received Prepare
Registering precompiled user dll's ...
Registered in 0.001229 seconds.
Begin MonoManager ReloadAssembly
Native extension for WindowsStandalone target not found
Refreshing native plugins compatible for Editor in 0.72 ms, found 1 plugins.
Preloading 0 native plugins for Editor in 0.00 ms.
Mono: successfully reloaded assembly
- Completed reload, in  1.153 seconds
Platform modules already initialized, skipping
Switching build target platform(19) subTarget(0) extendedPlatform(0) -> platform(13) subTarget(537460736) extendedPlatform(0)
Refreshing native plugins compatible for Editor in 0.70 ms, found 1 plugins.
Preloading 0 native plugins for Editor in 0.00 ms.
Unloading 2090 Unused Serialized files (Serialized files now loaded: 0)
System memory in use before: 98.1 MB.
System memory in use after: 98.2 MB.

Unloading 44 unused Assets to reduce memory usage. Loaded Objects now: 2575.
Total: 2.216700 ms (FindLiveObjects: 0.177700 ms CreateObjectMapping: 0.050700 ms MarkObjects: 1.968100 ms  DeleteObjects: 0.019200 ms)

AssetImportParameters requested are different than current active one (requested -> active):
  custom:graphics/normal-map-encoding: 01000000000000000000000000000000 -> 02000000000000000000000000000000
========================================================================
Received Import Request.
  Time since last request: 532.405637 seconds.
  path: Assets/Prefab/Sam_Idle_000.prefab
  artifactKey: Guid(927f816e373a2e74c85888c1c9864814) Importer(815301076,1909f56bfc062723c751e8b465ee728b)
Start importing Assets/Prefab/Sam_Idle_000.prefab using Guid(927f816e373a2e74c85888c1c9864814) Importer(815301076,1909f56bfc062723c751e8b465ee728b)  -> (artifact id: 'af770df32e97edf79f1d33ce73273a50') in 0.071773 seconds 
========================================================================
Received Import Request.
  Time since last request: 0.000256 seconds.
  path: Assets/Prefab/SamPlayer.prefab
  artifactKey: Guid(cd9114ee5ebd2014a8a64b2578d205e5) Importer(815301076,1909f56bfc062723c751e8b465ee728b)
Start importing Assets/Prefab/SamPlayer.prefab using Guid(cd9114ee5ebd2014a8a64b2578d205e5) Importer(815301076,1909f56bfc062723c751e8b465ee728b)  -> (artifact id: '967bbb29aee00f4a88d174e21fa3714f') in 0.078130 seconds 
========================================================================
Received Prepare
Registering precompiled user dll's ...
Registered in 0.001219 seconds.
Begin MonoManager ReloadAssembly
Native extension for WindowsStandalone target not found
Refreshing native plugins compatible for Editor in 0.93 ms, found 1 plugins.
Preloading 0 native plugins for Editor in 0.00 ms.
Mono: successfully reloaded assembly
- Completed reload, in  1.246 seconds
Platform modules already initialized, skipping
Switching build target platform(19) subTarget(0) extendedPlatform(0) -> platform(13) subTarget(537460736) extendedPlatform(0)
Refreshing native plugins compatible for Editor in 0.75 ms, found 1 plugins.
Preloading 0 native plugins for Editor in 0.00 ms.
Unloading 2090 Unused Serialized files (Serialized files now loaded: 0)
System memory in use before: 98.1 MB.
System memory in use after: 98.2 MB.

Unloading 44 unused Assets to reduce memory usage. Loaded Objects now: 2579.
Total: 2.308100 ms (FindLiveObjects: 0.193300 ms CreateObjectMapping: 0.051600 ms MarkObjects: 2.037800 ms  DeleteObjects: 0.024500 ms)

AssetImportParameters requested are different than current active one (requested -> active):
  custom:graphics/normal-map-encoding: 01000000000000000000000000000000 -> 02000000000000000000000000000000
========================================================================
Received Prepare
Registering precompiled user dll's ...
Registered in 0.001182 seconds.
Begin MonoManager ReloadAssembly
Native extension for WindowsStandalone target not found
Refreshing native plugins compatible for Editor in 0.75 ms, found 1 plugins.
Preloading 0 native plugins for Editor in 0.00 ms.
Mono: successfully reloaded assembly
- Completed reload, in  1.168 seconds
Platform modules already initialized, skipping
Switching build target platform(19) subTarget(0) extendedPlatform(0) -> platform(13) subTarget(537460736) extendedPlatform(0)
Refreshing native plugins compatible for Editor in 0.72 ms, found 1 plugins.
Preloading 0 native plugins for Editor in 0.00 ms.
Unloading 2090 Unused Serialized files (Serialized files now loaded: 0)
System memory in use before: 98.1 MB.
System memory in use after: 98.2 MB.

Unloading 44 unused Assets to reduce memory usage. Loaded Objects now: 2582.
Total: 2.229200 ms (FindLiveObjects: 0.178600 ms CreateObjectMapping: 0.051000 ms MarkObjects: 1.978800 ms  DeleteObjects: 0.019900 ms)

AssetImportParameters requested are different than current active one (requested -> active):
  custom:graphics/normal-map-encoding: 01000000000000000000000000000000 -> 02000000000000000000000000000000
AssetImportWorkerClient::OnTransportError - code=2 error=End of file
